<?xml version="1.0" encoding="UTF-8"?>
<testng-results skipped="0" failed="0" total="2" passed="2">
  <reporter-output>
  </reporter-output>
  <suite name="Suite" duration-ms="4273" started-at="2018-06-06T19:54:38Z" finished-at="2018-06-06T19:54:43Z">
    <groups>
    </groups>
    <test name="Test" duration-ms="4273" started-at="2018-06-06T19:54:38Z" finished-at="2018-06-06T19:54:43Z">
      <class name="apiExecutor.TradingApiExecutor">
        <test-method status="PASS" signature="loadObjects()[pri:0, instance:apiExecutor.TradingApiExecutor@1a6e353]" name="loadObjects" is-config="true" duration-ms="13" started-at="2018-06-07T01:24:38Z" finished-at="2018-06-07T01:24:38Z">
          <reporter-output>
          </reporter-output>
        </test-method> <!-- loadObjects -->
        <test-method status="PASS" signature="test(java.lang.String, java.lang.String)[pri:0, instance:apiExecutor.TradingApiExecutor@1a6e353]" name="test" duration-ms="1854" started-at="2018-06-07T01:24:40Z" data-provider="fetchData" finished-at="2018-06-07T01:24:41Z">
          <params>
            <param index="0">
              <value>
                <![CDATA[aapl,fb,ibm,tcs]]>
              </value>
            </param>
            <param index="1">
              <value>
                <![CDATA[delayed-quote,open-close]]>
              </value>
            </param>
          </params>
          <reporter-output>
          </reporter-output>
        </test-method> <!-- test -->
        <test-method status="PASS" signature="setup()[pri:0, instance:apiExecutor.TradingApiExecutor@1a6e353]" name="setup" is-config="true" duration-ms="0" started-at="2018-06-07T01:24:40Z" finished-at="2018-06-07T01:24:40Z">
          <reporter-output>
          </reporter-output>
        </test-method> <!-- setup -->
        <test-method status="PASS" signature="setup()[pri:0, instance:apiExecutor.TradingApiExecutor@1a6e353]" name="setup" is-config="true" duration-ms="1" started-at="2018-06-07T01:24:41Z" finished-at="2018-06-07T01:24:41Z">
          <reporter-output>
          </reporter-output>
        </test-method> <!-- setup -->
        <test-method status="PASS" signature="test(java.lang.String, java.lang.String)[pri:0, instance:apiExecutor.TradingApiExecutor@1a6e353]" name="test" duration-ms="1274" started-at="2018-06-07T01:24:41Z" data-provider="fetchData" finished-at="2018-06-07T01:24:43Z">
          <params>
            <param index="0">
              <value>
                <![CDATA[aapl,fb,ibm]]>
              </value>
            </param>
            <param index="1">
              <value>
                <![CDATA[delayed-quote,open-close]]>
              </value>
            </param>
          </params>
          <reporter-output>
          </reporter-output>
        </test-method> <!-- test -->
      </class> <!-- apiExecutor.TradingApiExecutor -->
    </test> <!-- Test -->
  </suite> <!-- Suite -->
</testng-results>
